{"/Users/halilcan/Desktop/others/chat-app/backend/src/server.ts": {"path":"/Users/halilcan/Desktop/others/chat-app/backend/src/server.ts","statementMap":{"0":{"start":{"line":1,"column":0},"end":{"line":1,"column":30}},"1":{"start":{"line":3,"column":0},"end":{"line":3,"column":35}},"2":{"start":{"line":4,"column":0},"end":{"line":4,"column":73}},"3":{"start":{"line":6,"column":12},"end":{"line":6,"column":21}},"4":{"start":{"line":9,"column":0},"end":{"line":9,"column":45}},"5":{"start":{"line":12,"column":0},"end":{"line":12,"column":38}},"6":{"start":{"line":15,"column":0},"end":{"line":15,"column":24}},"7":{"start":{"line":18,"column":0},"end":{"line":18,"column":30}},"8":{"start":{"line":20,"column":0},"end":{"line":20,"column":19}}},"fnMap":{},"branchMap":{},"s":{"0":1,"1":1,"2":1,"3":1,"4":1,"5":1,"6":1,"7":1,"8":1},"f":{},"b":{}}
,"/Users/halilcan/Desktop/others/chat-app/backend/src/constants/index.ts": {"path":"/Users/halilcan/Desktop/others/chat-app/backend/src/constants/index.ts","statementMap":{"0":{"start":{"line":1,"column":13},"end":{"line":4,"column":2}},"1":{"start":{"line":6,"column":13},"end":{"line":9,"column":2}},"2":{"start":{"line":11,"column":13},"end":{"line":11,"column":73}},"3":{"start":{"line":13,"column":13},"end":{"line":13,"column":46}}},"fnMap":{},"branchMap":{},"s":{"0":1,"1":1,"2":1,"3":1},"f":{},"b":{}}
,"/Users/halilcan/Desktop/others/chat-app/backend/src/controllers/file/file-controller.ts": {"path":"/Users/halilcan/Desktop/others/chat-app/backend/src/controllers/file/file-controller.ts","statementMap":{"0":{"start":{"line":1,"column":0},"end":{"line":1,"column":38}},"1":{"start":{"line":2,"column":0},"end":{"line":2,"column":40}},"2":{"start":{"line":4,"column":14},"end":{"line":8,"column":2}},"3":{"start":{"line":4,"column":47},"end":{"line":8,"column":2}},"4":{"start":{"line":5,"column":15},"end":{"line":5,"column":29}},"5":{"start":{"line":7,"column":2},"end":{"line":7,"column":35}},"6":{"start":{"line":10,"column":0},"end":{"line":12,"column":2}}},"fnMap":{"0":{"name":"(anonymous_8)","decl":{"start":{"line":4,"column":22},"end":{"line":4,"column":29}},"loc":{"start":{"line":4,"column":47},"end":{"line":8,"column":2}}},"1":{"name":"(anonymous_9)","decl":{"start":{"line":4,"column":47},"end":{"line":4,"column":null}},"loc":{"start":{"line":4,"column":47},"end":{"line":8,"column":1}}}},"branchMap":{"0":{"loc":{"start":{"line":5,"column":15},"end":{"line":5,"column":29}},"type":"cond-expr","locations":[{"start":{"line":5,"column":23},"end":{"line":5,"column":25}},{"start":{"line":5,"column":23},"end":{"line":5,"column":29}}]},"1":{"loc":{"start":{"line":5,"column":15},"end":{"line":5,"column":25}},"type":"binary-expr","locations":[{"start":{"line":5,"column":15},"end":{"line":5,"column":25}},{"start":{"line":5,"column":23},"end":{"line":5,"column":25}}]}},"s":{"0":1,"1":1,"2":1,"3":0,"4":0,"5":0,"6":1},"f":{"0":0,"1":0},"b":{"0":[0,0],"1":[0,0]}}
,"/Users/halilcan/Desktop/others/chat-app/backend/src/controllers/friend/friend-controller.ts": {"path":"/Users/halilcan/Desktop/others/chat-app/backend/src/controllers/friend/friend-controller.ts","statementMap":{"0":{"start":{"line":3,"column":0},"end":{"line":3,"column":38}},"1":{"start":{"line":5,"column":0},"end":{"line":5,"column":53}},"2":{"start":{"line":6,"column":0},"end":{"line":6,"column":40}},"3":{"start":{"line":7,"column":0},"end":{"line":7,"column":49}},"4":{"start":{"line":9,"column":14},"end":{"line":24,"column":2}},"5":{"start":{"line":9,"column":47},"end":{"line":24,"column":2}},"6":{"start":{"line":10,"column":18},"end":{"line":15,"column":4}},"7":{"start":{"line":11,"column":4},"end":{"line":14,"column":6}},"8":{"start":{"line":16,"column":16},"end":{"line":16,"column":79}},"9":{"start":{"line":16,"column":64},"end":{"line":16,"column":77}},"10":{"start":{"line":18,"column":2},"end":{"line":21,"column":5}},"11":{"start":{"line":19,"column":4},"end":{"line":19,"column":87}},"12":{"start":{"line":19,"column":44},"end":{"line":19,"column":85}},"13":{"start":{"line":20,"column":4},"end":{"line":20,"column":25}},"14":{"start":{"line":23,"column":2},"end":{"line":23,"column":34}},"15":{"start":{"line":26,"column":13},"end":{"line":33,"column":2}},"16":{"start":{"line":26,"column":46},"end":{"line":33,"column":2}},"17":{"start":{"line":27,"column":17},"end":{"line":27,"column":68}},"18":{"start":{"line":28,"column":17},"end":{"line":28,"column":104}},"19":{"start":{"line":30,"column":15},"end":{"line":30,"column":47}},"20":{"start":{"line":32,"column":2},"end":{"line":32,"column":35}},"21":{"start":{"line":35,"column":14},"end":{"line":42,"column":2}},"22":{"start":{"line":35,"column":47},"end":{"line":42,"column":2}},"23":{"start":{"line":36,"column":19},"end":{"line":36,"column":54}},"24":{"start":{"line":37,"column":17},"end":{"line":37,"column":41}},"25":{"start":{"line":39,"column":2},"end":{"line":39,"column":47}},"26":{"start":{"line":41,"column":2},"end":{"line":41,"column":27}},"27":{"start":{"line":44,"column":16},"end":{"line":48,"column":2}},"28":{"start":{"line":44,"column":49},"end":{"line":48,"column":2}},"29":{"start":{"line":45,"column":2},"end":{"line":45,"column":90}},"30":{"start":{"line":47,"column":2},"end":{"line":47,"column":27}},"31":{"start":{"line":50,"column":15},"end":{"line":60,"column":2}},"32":{"start":{"line":50,"column":48},"end":{"line":60,"column":2}},"33":{"start":{"line":51,"column":16},"end":{"line":51,"column":81}},"34":{"start":{"line":52,"column":20},"end":{"line":52,"column":128}},"35":{"start":{"line":52,"column":84},"end":{"line":52,"column":120}},"36":{"start":{"line":54,"column":2},"end":{"line":57,"column":5}},"37":{"start":{"line":55,"column":4},"end":{"line":55,"column":92}},"38":{"start":{"line":55,"column":52},"end":{"line":55,"column":90}},"39":{"start":{"line":56,"column":4},"end":{"line":56,"column":16}},"40":{"start":{"line":59,"column":2},"end":{"line":59,"column":36}},"41":{"start":{"line":62,"column":0},"end":{"line":68,"column":2}}},"fnMap":{"0":{"name":"(anonymous_8)","decl":{"start":{"line":9,"column":22},"end":{"line":9,"column":29}},"loc":{"start":{"line":9,"column":47},"end":{"line":24,"column":2}}},"1":{"name":"(anonymous_9)","decl":{"start":{"line":9,"column":47},"end":{"line":9,"column":null}},"loc":{"start":{"line":9,"column":47},"end":{"line":24,"column":1}}},"2":{"name":"(anonymous_10)","decl":{"start":{"line":10,"column":65},"end":{"line":10,"column":66}},"loc":{"start":{"line":10,"column":81},"end":{"line":15,"column":3}}},"3":{"name":"(anonymous_11)","decl":{"start":{"line":16,"column":54},"end":{"line":16,"column":60}},"loc":{"start":{"line":16,"column":64},"end":{"line":16,"column":77}}},"4":{"name":"(anonymous_12)","decl":{"start":{"line":18,"column":14},"end":{"line":18,"column":15}},"loc":{"start":{"line":18,"column":30},"end":{"line":21,"column":3}}},"5":{"name":"(anonymous_13)","decl":{"start":{"line":19,"column":29},"end":{"line":19,"column":30}},"loc":{"start":{"line":19,"column":44},"end":{"line":19,"column":85}}},"6":{"name":"(anonymous_14)","decl":{"start":{"line":26,"column":21},"end":{"line":26,"column":28}},"loc":{"start":{"line":26,"column":46},"end":{"line":33,"column":2}}},"7":{"name":"(anonymous_15)","decl":{"start":{"line":26,"column":46},"end":{"line":26,"column":null}},"loc":{"start":{"line":26,"column":46},"end":{"line":33,"column":1}}},"8":{"name":"(anonymous_16)","decl":{"start":{"line":35,"column":22},"end":{"line":35,"column":29}},"loc":{"start":{"line":35,"column":47},"end":{"line":42,"column":2}}},"9":{"name":"(anonymous_17)","decl":{"start":{"line":35,"column":47},"end":{"line":35,"column":null}},"loc":{"start":{"line":35,"column":47},"end":{"line":42,"column":1}}},"10":{"name":"(anonymous_18)","decl":{"start":{"line":44,"column":24},"end":{"line":44,"column":31}},"loc":{"start":{"line":44,"column":49},"end":{"line":48,"column":2}}},"11":{"name":"(anonymous_19)","decl":{"start":{"line":44,"column":49},"end":{"line":44,"column":null}},"loc":{"start":{"line":44,"column":49},"end":{"line":48,"column":1}}},"12":{"name":"(anonymous_20)","decl":{"start":{"line":50,"column":23},"end":{"line":50,"column":30}},"loc":{"start":{"line":50,"column":48},"end":{"line":60,"column":2}}},"13":{"name":"(anonymous_21)","decl":{"start":{"line":50,"column":48},"end":{"line":50,"column":null}},"loc":{"start":{"line":50,"column":48},"end":{"line":60,"column":1}}},"14":{"name":"(anonymous_22)","decl":{"start":{"line":52,"column":67},"end":{"line":52,"column":68}},"loc":{"start":{"line":52,"column":84},"end":{"line":52,"column":120}}},"15":{"name":"(anonymous_23)","decl":{"start":{"line":54,"column":12},"end":{"line":54,"column":13}},"loc":{"start":{"line":54,"column":26},"end":{"line":57,"column":3}}},"16":{"name":"(anonymous_24)","decl":{"start":{"line":55,"column":35},"end":{"line":55,"column":36}},"loc":{"start":{"line":55,"column":52},"end":{"line":55,"column":90}}}},"branchMap":{"0":{"loc":{"start":{"line":13,"column":14},"end":{"line":13,"column":100}},"type":"cond-expr","locations":[{"start":{"line":13,"column":65},"end":{"line":13,"column":81}},{"start":{"line":13,"column":84},"end":{"line":13,"column":100}}]},"1":{"loc":{"start":{"line":28,"column":17},"end":{"line":28,"column":104}},"type":"cond-expr","locations":[{"start":{"line":28,"column":69},"end":{"line":28,"column":85}},{"start":{"line":28,"column":88},"end":{"line":28,"column":104}}]}},"s":{"0":1,"1":1,"2":1,"3":1,"4":1,"5":0,"6":0,"7":0,"8":0,"9":0,"10":0,"11":0,"12":0,"13":0,"14":0,"15":1,"16":0,"17":0,"18":0,"19":0,"20":0,"21":1,"22":0,"23":0,"24":0,"25":0,"26":0,"27":1,"28":0,"29":0,"30":0,"31":1,"32":0,"33":0,"34":0,"35":0,"36":0,"37":0,"38":0,"39":0,"40":0,"41":1},"f":{"0":0,"1":0,"2":0,"3":0,"4":0,"5":0,"6":0,"7":0,"8":0,"9":0,"10":0,"11":0,"12":0,"13":0,"14":0,"15":0,"16":0},"b":{"0":[0,0],"1":[0,0]}}
,"/Users/halilcan/Desktop/others/chat-app/backend/src/controllers/message/message-controller.ts": {"path":"/Users/halilcan/Desktop/others/chat-app/backend/src/controllers/message/message-controller.ts","statementMap":{"0":{"start":{"line":1,"column":0},"end":{"line":1,"column":38}},"1":{"start":{"line":2,"column":0},"end":{"line":2,"column":40}},"2":{"start":{"line":3,"column":0},"end":{"line":3,"column":55}},"3":{"start":{"line":6,"column":14},"end":{"line":10,"column":2}},"4":{"start":{"line":6,"column":47},"end":{"line":10,"column":2}},"5":{"start":{"line":7,"column":19},"end":{"line":7,"column":90}},"6":{"start":{"line":9,"column":2},"end":{"line":9,"column":39}},"7":{"start":{"line":12,"column":14},"end":{"line":27,"column":2}},"8":{"start":{"line":12,"column":47},"end":{"line":27,"column":2}},"9":{"start":{"line":13,"column":23},"end":{"line":13,"column":36}},"10":{"start":{"line":15,"column":2},"end":{"line":24,"column":null}},"11":{"start":{"line":16,"column":25},"end":{"line":21,"column":6}},"12":{"start":{"line":23,"column":4},"end":{"line":23,"column":90}},"13":{"start":{"line":26,"column":2},"end":{"line":26,"column":27}},"14":{"start":{"line":29,"column":16},"end":{"line":33,"column":2}},"15":{"start":{"line":29,"column":49},"end":{"line":33,"column":2}},"16":{"start":{"line":30,"column":2},"end":{"line":30,"column":85}},"17":{"start":{"line":32,"column":2},"end":{"line":32,"column":27}},"18":{"start":{"line":35,"column":0},"end":{"line":39,"column":2}}},"fnMap":{"0":{"name":"(anonymous_8)","decl":{"start":{"line":6,"column":22},"end":{"line":6,"column":29}},"loc":{"start":{"line":6,"column":47},"end":{"line":10,"column":2}}},"1":{"name":"(anonymous_9)","decl":{"start":{"line":6,"column":47},"end":{"line":6,"column":null}},"loc":{"start":{"line":6,"column":47},"end":{"line":10,"column":1}}},"2":{"name":"(anonymous_10)","decl":{"start":{"line":12,"column":22},"end":{"line":12,"column":29}},"loc":{"start":{"line":12,"column":47},"end":{"line":27,"column":2}}},"3":{"name":"(anonymous_11)","decl":{"start":{"line":12,"column":47},"end":{"line":12,"column":null}},"loc":{"start":{"line":12,"column":47},"end":{"line":27,"column":1}}},"4":{"name":"(anonymous_12)","decl":{"start":{"line":29,"column":24},"end":{"line":29,"column":31}},"loc":{"start":{"line":29,"column":49},"end":{"line":33,"column":2}}},"5":{"name":"(anonymous_13)","decl":{"start":{"line":29,"column":49},"end":{"line":29,"column":null}},"loc":{"start":{"line":29,"column":49},"end":{"line":33,"column":1}}}},"branchMap":{},"s":{"0":1,"1":1,"2":1,"3":1,"4":0,"5":0,"6":0,"7":1,"8":0,"9":0,"10":0,"11":0,"12":0,"13":0,"14":1,"15":0,"16":0,"17":0,"18":1},"f":{"0":0,"1":0,"2":0,"3":0,"4":0,"5":0},"b":{}}
,"/Users/halilcan/Desktop/others/chat-app/backend/src/controllers/message/message-read-controller.ts": {"path":"/Users/halilcan/Desktop/others/chat-app/backend/src/controllers/message/message-read-controller.ts","statementMap":{"0":{"start":{"line":3,"column":0},"end":{"line":3,"column":38}},"1":{"start":{"line":4,"column":0},"end":{"line":4,"column":55}},"2":{"start":{"line":6,"column":14},"end":{"line":8,"column":2}},"3":{"start":{"line":6,"column":47},"end":{"line":8,"column":2}},"4":{"start":{"line":7,"column":2},"end":{"line":7,"column":128}},"5":{"start":{"line":10,"column":0},"end":{"line":12,"column":2}}},"fnMap":{"0":{"name":"(anonymous_8)","decl":{"start":{"line":6,"column":22},"end":{"line":6,"column":29}},"loc":{"start":{"line":6,"column":47},"end":{"line":8,"column":2}}},"1":{"name":"(anonymous_9)","decl":{"start":{"line":6,"column":47},"end":{"line":6,"column":null}},"loc":{"start":{"line":6,"column":47},"end":{"line":8,"column":1}}}},"branchMap":{},"s":{"0":1,"1":1,"2":1,"3":0,"4":0,"5":1},"f":{"0":0,"1":0},"b":{}}
,"/Users/halilcan/Desktop/others/chat-app/backend/src/controllers/message/user-message-controller.ts": {"path":"/Users/halilcan/Desktop/others/chat-app/backend/src/controllers/message/user-message-controller.ts","statementMap":{"0":{"start":{"line":1,"column":0},"end":{"line":1,"column":26}},"1":{"start":{"line":3,"column":0},"end":{"line":3,"column":38}},"2":{"start":{"line":4,"column":0},"end":{"line":4,"column":40}},"3":{"start":{"line":5,"column":0},"end":{"line":5,"column":53}},"4":{"start":{"line":6,"column":0},"end":{"line":6,"column":55}},"5":{"start":{"line":7,"column":0},"end":{"line":7,"column":49}},"6":{"start":{"line":9,"column":14},"end":{"line":45,"column":2}},"7":{"start":{"line":9,"column":47},"end":{"line":45,"column":2}},"8":{"start":{"line":10,"column":28},"end":{"line":10,"column":30}},"9":{"start":{"line":11,"column":17},"end":{"line":11,"column":29}},"10":{"start":{"line":12,"column":18},"end":{"line":17,"column":4}},"11":{"start":{"line":13,"column":4},"end":{"line":16,"column":6}},"12":{"start":{"line":19,"column":2},"end":{"line":42,"column":null}},"13":{"start":{"line":20,"column":30},"end":{"line":20,"column":31}},"14":{"start":{"line":21,"column":17},"end":{"line":21,"column":56}},"15":{"start":{"line":22,"column":21},"end":{"line":23,"column":null}},"16":{"start":{"line":23,"column":6},"end":{"line":23,"column":75}},"17":{"start":{"line":26,"column":4},"end":{"line":26,"column":40}},"18":{"start":{"line":26,"column":31},"end":{"line":26,"column":40}},"19":{"start":{"line":28,"column":4},"end":{"line":31,"column":null}},"20":{"start":{"line":29,"column":6},"end":{"line":29,"column":117}},"21":{"start":{"line":29,"column":59},"end":{"line":29,"column":97}},"22":{"start":{"line":29,"column":111},"end":{"line":29,"column":117}},"23":{"start":{"line":30,"column":6},"end":{"line":30,"column":28}},"24":{"start":{"line":33,"column":4},"end":{"line":41,"column":7}},"25":{"start":{"line":44,"column":2},"end":{"line":44,"column":53}},"26":{"start":{"line":47,"column":0},"end":{"line":49,"column":2}}},"fnMap":{"0":{"name":"(anonymous_8)","decl":{"start":{"line":9,"column":22},"end":{"line":9,"column":29}},"loc":{"start":{"line":9,"column":47},"end":{"line":45,"column":2}}},"1":{"name":"(anonymous_9)","decl":{"start":{"line":9,"column":47},"end":{"line":9,"column":null}},"loc":{"start":{"line":9,"column":47},"end":{"line":45,"column":1}}},"2":{"name":"(anonymous_10)","decl":{"start":{"line":12,"column":59},"end":{"line":12,"column":60}},"loc":{"start":{"line":12,"column":75},"end":{"line":17,"column":3}}},"3":{"name":"(anonymous_11)","decl":{"start":{"line":22,"column":68},"end":{"line":22,"column":69}},"loc":{"start":{"line":23,"column":6},"end":{"line":23,"column":75}}},"4":{"name":"(anonymous_12)","decl":{"start":{"line":29,"column":33},"end":{"line":29,"column":34}},"loc":{"start":{"line":29,"column":59},"end":{"line":29,"column":97}}}},"branchMap":{"0":{"loc":{"start":{"line":15,"column":14},"end":{"line":15,"column":100}},"type":"cond-expr","locations":[{"start":{"line":15,"column":65},"end":{"line":15,"column":81}},{"start":{"line":15,"column":84},"end":{"line":15,"column":100}}]},"1":{"loc":{"start":{"line":23,"column":6},"end":{"line":23,"column":75}},"type":"cond-expr","locations":[{"start":{"line":23,"column":69},"end":{"line":23,"column":71}},{"start":{"line":23,"column":74},"end":{"line":23,"column":75}}]},"2":{"loc":{"start":{"line":26,"column":4},"end":{"line":26,"column":40}},"type":"if","locations":[{"start":{"line":26,"column":4},"end":{"line":26,"column":40}}]},"3":{"loc":{"start":{"line":29,"column":6},"end":{"line":29,"column":117}},"type":"if","locations":[{"start":{"line":29,"column":6},"end":{"line":29,"column":117}}]}},"s":{"0":1,"1":1,"2":1,"3":1,"4":1,"5":1,"6":1,"7":0,"8":0,"9":0,"10":0,"11":0,"12":0,"13":0,"14":0,"15":0,"16":0,"17":0,"18":0,"19":0,"20":0,"21":0,"22":0,"23":0,"24":0,"25":0,"26":1},"f":{"0":0,"1":0,"2":0,"3":0,"4":0},"b":{"0":[0,0],"1":[0,0],"2":[0],"3":[0]}}
,"/Users/halilcan/Desktop/others/chat-app/backend/src/controllers/user/user-action-controller.ts": {"path":"/Users/halilcan/Desktop/others/chat-app/backend/src/controllers/user/user-action-controller.ts","statementMap":{"0":{"start":{"line":1,"column":0},"end":{"line":1,"column":28}},"1":{"start":{"line":3,"column":0},"end":{"line":3,"column":38}},"2":{"start":{"line":4,"column":0},"end":{"line":4,"column":40}},"3":{"start":{"line":5,"column":0},"end":{"line":5,"column":49}},"4":{"start":{"line":6,"column":0},"end":{"line":6,"column":38}},"5":{"start":{"line":7,"column":0},"end":{"line":7,"column":81}},"6":{"start":{"line":9,"column":17},"end":{"line":18,"column":2}},"7":{"start":{"line":9,"column":50},"end":{"line":18,"column":2}},"8":{"start":{"line":10,"column":24},"end":{"line":10,"column":27}},"9":{"start":{"line":11,"column":2},"end":{"line":11,"column":65}},"10":{"start":{"line":13,"column":2},"end":{"line":13,"column":98}},"11":{"start":{"line":13,"column":59},"end":{"line":13,"column":98}},"12":{"start":{"line":15,"column":2},"end":{"line":15,"column":42}},"13":{"start":{"line":17,"column":2},"end":{"line":17,"column":27}},"14":{"start":{"line":20,"column":14},"end":{"line":29,"column":2}},"15":{"start":{"line":20,"column":47},"end":{"line":29,"column":2}},"16":{"start":{"line":21,"column":33},"end":{"line":21,"column":46}},"17":{"start":{"line":23,"column":15},"end":{"line":23,"column":47}},"18":{"start":{"line":24,"column":2},"end":{"line":24,"column":97}},"19":{"start":{"line":24,"column":65},"end":{"line":24,"column":97}},"20":{"start":{"line":26,"column":16},"end":{"line":26,"column":55}},"21":{"start":{"line":28,"column":2},"end":{"line":28,"column":36}},"22":{"start":{"line":31,"column":15},"end":{"line":37,"column":2}},"23":{"start":{"line":31,"column":48},"end":{"line":37,"column":2}},"24":{"start":{"line":32,"column":18},"end":{"line":32,"column":26}},"25":{"start":{"line":34,"column":2},"end":{"line":34,"column":55}},"26":{"start":{"line":36,"column":2},"end":{"line":36,"column":27}},"27":{"start":{"line":39,"column":0},"end":{"line":43,"column":2}}},"fnMap":{"0":{"name":"(anonymous_8)","decl":{"start":{"line":9,"column":25},"end":{"line":9,"column":32}},"loc":{"start":{"line":9,"column":50},"end":{"line":18,"column":2}}},"1":{"name":"(anonymous_9)","decl":{"start":{"line":9,"column":50},"end":{"line":9,"column":null}},"loc":{"start":{"line":9,"column":50},"end":{"line":18,"column":1}}},"2":{"name":"(anonymous_10)","decl":{"start":{"line":20,"column":22},"end":{"line":20,"column":29}},"loc":{"start":{"line":20,"column":47},"end":{"line":29,"column":2}}},"3":{"name":"(anonymous_11)","decl":{"start":{"line":20,"column":47},"end":{"line":20,"column":null}},"loc":{"start":{"line":20,"column":47},"end":{"line":29,"column":1}}},"4":{"name":"(anonymous_12)","decl":{"start":{"line":31,"column":23},"end":{"line":31,"column":30}},"loc":{"start":{"line":31,"column":48},"end":{"line":37,"column":2}}},"5":{"name":"(anonymous_13)","decl":{"start":{"line":31,"column":48},"end":{"line":31,"column":null}},"loc":{"start":{"line":31,"column":48},"end":{"line":37,"column":1}}}},"branchMap":{"0":{"loc":{"start":{"line":13,"column":2},"end":{"line":13,"column":98}},"type":"if","locations":[{"start":{"line":13,"column":2},"end":{"line":13,"column":98}}]},"1":{"loc":{"start":{"line":24,"column":2},"end":{"line":24,"column":97}},"type":"if","locations":[{"start":{"line":24,"column":2},"end":{"line":24,"column":97}}]},"2":{"loc":{"start":{"line":24,"column":6},"end":{"line":24,"column":63}},"type":"binary-expr","locations":[{"start":{"line":24,"column":6},"end":{"line":24,"column":11}},{"start":{"line":24,"column":15},"end":{"line":24,"column":63}}]}},"s":{"0":1,"1":1,"2":1,"3":1,"4":1,"5":1,"6":1,"7":0,"8":0,"9":0,"10":0,"11":0,"12":0,"13":0,"14":1,"15":0,"16":0,"17":0,"18":0,"19":0,"20":0,"21":0,"22":1,"23":0,"24":0,"25":0,"26":0,"27":1},"f":{"0":0,"1":0,"2":0,"3":0,"4":0,"5":0},"b":{"0":[0],"1":[0],"2":[0,0]}}
,"/Users/halilcan/Desktop/others/chat-app/backend/src/controllers/user/user-setting-controller.ts": {"path":"/Users/halilcan/Desktop/others/chat-app/backend/src/controllers/user/user-setting-controller.ts","statementMap":{"0":{"start":{"line":1,"column":0},"end":{"line":1,"column":38}},"1":{"start":{"line":2,"column":0},"end":{"line":2,"column":40}},"2":{"start":{"line":3,"column":0},"end":{"line":3,"column":64}},"3":{"start":{"line":5,"column":14},"end":{"line":9,"column":2}},"4":{"start":{"line":5,"column":47},"end":{"line":9,"column":2}},"5":{"start":{"line":6,"column":48},"end":{"line":6,"column":56}},"6":{"start":{"line":8,"column":2},"end":{"line":8,"column":74}},"7":{"start":{"line":11,"column":15},"end":{"line":15,"column":2}},"8":{"start":{"line":11,"column":48},"end":{"line":15,"column":2}},"9":{"start":{"line":12,"column":2},"end":{"line":12,"column":63}},"10":{"start":{"line":14,"column":2},"end":{"line":14,"column":27}},"11":{"start":{"line":17,"column":0},"end":{"line":20,"column":2}}},"fnMap":{"0":{"name":"(anonymous_8)","decl":{"start":{"line":5,"column":22},"end":{"line":5,"column":29}},"loc":{"start":{"line":5,"column":47},"end":{"line":9,"column":2}}},"1":{"name":"(anonymous_9)","decl":{"start":{"line":5,"column":47},"end":{"line":5,"column":null}},"loc":{"start":{"line":5,"column":47},"end":{"line":9,"column":1}}},"2":{"name":"(anonymous_10)","decl":{"start":{"line":11,"column":23},"end":{"line":11,"column":30}},"loc":{"start":{"line":11,"column":48},"end":{"line":15,"column":2}}},"3":{"name":"(anonymous_11)","decl":{"start":{"line":11,"column":48},"end":{"line":11,"column":null}},"loc":{"start":{"line":11,"column":48},"end":{"line":15,"column":1}}}},"branchMap":{},"s":{"0":1,"1":1,"2":1,"3":1,"4":0,"5":0,"6":0,"7":1,"8":0,"9":0,"10":0,"11":1},"f":{"0":0,"1":0,"2":0,"3":0},"b":{}}
,"/Users/halilcan/Desktop/others/chat-app/backend/src/middlewares/auth.ts": {"path":"/Users/halilcan/Desktop/others/chat-app/backend/src/middlewares/auth.ts","statementMap":{"0":{"start":{"line":1,"column":0},"end":{"line":1,"column":31}},"1":{"start":{"line":3,"column":0},"end":{"line":3,"column":38}},"2":{"start":{"line":4,"column":0},"end":{"line":4,"column":38}},"3":{"start":{"line":5,"column":0},"end":{"line":5,"column":53}},"4":{"start":{"line":12,"column":13},"end":{"line":28,"column":2}},"5":{"start":{"line":12,"column":46},"end":{"line":28,"column":2}},"6":{"start":{"line":13,"column":2},"end":{"line":27,"column":null}},"7":{"start":{"line":14,"column":21},"end":{"line":14,"column":58}},"8":{"start":{"line":16,"column":24},"end":{"line":16,"column":97}},"9":{"start":{"line":18,"column":4},"end":{"line":18,"column":68}},"10":{"start":{"line":19,"column":4},"end":{"line":19,"column":32}},"11":{"start":{"line":21,"column":21},"end":{"line":21,"column":90}},"12":{"start":{"line":21,"column":62},"end":{"line":21,"column":89}},"13":{"start":{"line":22,"column":4},"end":{"line":22,"column":45}},"14":{"start":{"line":22,"column":19},"end":{"line":22,"column":45}},"15":{"start":{"line":24,"column":4},"end":{"line":24,"column":11}},"16":{"start":{"line":26,"column":4},"end":{"line":26,"column":36}},"17":{"start":{"line":30,"column":0},"end":{"line":30,"column":20}}},"fnMap":{"0":{"name":"(anonymous_8)","decl":{"start":{"line":12,"column":21},"end":{"line":12,"column":28}},"loc":{"start":{"line":12,"column":46},"end":{"line":28,"column":2}}},"1":{"name":"(anonymous_9)","decl":{"start":{"line":12,"column":46},"end":{"line":12,"column":null}},"loc":{"start":{"line":12,"column":46},"end":{"line":28,"column":1}}},"2":{"name":"(anonymous_10)","decl":{"start":{"line":21,"column":42},"end":{"line":21,"column":43}},"loc":{"start":{"line":21,"column":62},"end":{"line":21,"column":89}}}},"branchMap":{"0":{"loc":{"start":{"line":22,"column":4},"end":{"line":22,"column":45}},"type":"if","locations":[{"start":{"line":22,"column":4},"end":{"line":22,"column":45}}]}},"s":{"0":1,"1":1,"2":1,"3":1,"4":1,"5":0,"6":0,"7":0,"8":0,"9":0,"10":0,"11":0,"12":0,"13":0,"14":0,"15":0,"16":0,"17":1},"f":{"0":0,"1":0,"2":0},"b":{"0":[0]}}
,"/Users/halilcan/Desktop/others/chat-app/backend/src/middlewares/index.ts": {"path":"/Users/halilcan/Desktop/others/chat-app/backend/src/middlewares/index.ts","statementMap":{"0":{"start":{"line":1,"column":0},"end":{"line":1,"column":43}},"1":{"start":{"line":2,"column":0},"end":{"line":2,"column":28}},"2":{"start":{"line":3,"column":0},"end":{"line":3,"column":28}},"3":{"start":{"line":5,"column":0},"end":{"line":16,"column":2}},"4":{"start":{"line":6,"column":2},"end":{"line":6,"column":25}},"5":{"start":{"line":7,"column":2},"end":{"line":7,"column":26}},"6":{"start":{"line":8,"column":2},"end":{"line":8,"column":51}},"7":{"start":{"line":9,"column":2},"end":{"line":9,"column":20}},"8":{"start":{"line":10,"column":2},"end":{"line":15,"column":5}},"9":{"start":{"line":11,"column":4},"end":{"line":11,"column":54}},"10":{"start":{"line":12,"column":4},"end":{"line":12,"column":92}},"11":{"start":{"line":13,"column":4},"end":{"line":13,"column":55}},"12":{"start":{"line":14,"column":4},"end":{"line":14,"column":11}}},"fnMap":{"0":{"name":"(anonymous_1)","decl":{"start":{"line":5,"column":17},"end":{"line":5,"column":18}},"loc":{"start":{"line":5,"column":40},"end":{"line":16,"column":1}}},"1":{"name":"(anonymous_2)","decl":{"start":{"line":10,"column":10},"end":{"line":10,"column":20}},"loc":{"start":{"line":10,"column":34},"end":{"line":15,"column":3}}}},"branchMap":{},"s":{"0":1,"1":1,"2":1,"3":1,"4":1,"5":1,"6":1,"7":1,"8":1,"9":1,"10":1,"11":1,"12":1},"f":{"0":1,"1":1},"b":{}}
,"/Users/halilcan/Desktop/others/chat-app/backend/src/middlewares/file/file-type.ts": {"path":"/Users/halilcan/Desktop/others/chat-app/backend/src/middlewares/file/file-type.ts","statementMap":{"0":{"start":{"line":1,"column":0},"end":{"line":1,"column":38}},"1":{"start":{"line":2,"column":0},"end":{"line":2,"column":45}},"2":{"start":{"line":3,"column":0},"end":{"line":3,"column":47}},"3":{"start":{"line":5,"column":13},"end":{"line":9,"column":2}},"4":{"start":{"line":5,"column":46},"end":{"line":9,"column":2}},"5":{"start":{"line":6,"column":2},"end":{"line":6,"column":90}},"6":{"start":{"line":6,"column":64},"end":{"line":6,"column":90}},"7":{"start":{"line":8,"column":2},"end":{"line":8,"column":9}},"8":{"start":{"line":11,"column":0},"end":{"line":11,"column":20}}},"fnMap":{"0":{"name":"(anonymous_8)","decl":{"start":{"line":5,"column":21},"end":{"line":5,"column":28}},"loc":{"start":{"line":5,"column":46},"end":{"line":9,"column":2}}},"1":{"name":"(anonymous_9)","decl":{"start":{"line":5,"column":46},"end":{"line":5,"column":null}},"loc":{"start":{"line":5,"column":46},"end":{"line":9,"column":1}}}},"branchMap":{"0":{"loc":{"start":{"line":6,"column":2},"end":{"line":6,"column":90}},"type":"if","locations":[{"start":{"line":6,"column":2},"end":{"line":6,"column":90}}]}},"s":{"0":1,"1":1,"2":1,"3":1,"4":0,"5":0,"6":0,"7":0,"8":1},"f":{"0":0,"1":0},"b":{"0":[0]}}
,"/Users/halilcan/Desktop/others/chat-app/backend/src/middlewares/permissions/friend-message-permission.ts": {"path":"/Users/halilcan/Desktop/others/chat-app/backend/src/middlewares/permissions/friend-message-permission.ts","statementMap":{"0":{"start":{"line":1,"column":0},"end":{"line":1,"column":38}},"1":{"start":{"line":2,"column":0},"end":{"line":2,"column":42}},"2":{"start":{"line":3,"column":0},"end":{"line":3,"column":48}},"3":{"start":{"line":5,"column":0},"end":{"line":11,"column":3}},"4":{"start":{"line":5,"column":48},"end":{"line":11,"column":2}},"5":{"start":{"line":6,"column":17},"end":{"line":6,"column":67}},"6":{"start":{"line":8,"column":2},"end":{"line":8,"column":148}},"7":{"start":{"line":8,"column":121},"end":{"line":8,"column":148}},"8":{"start":{"line":10,"column":2},"end":{"line":10,"column":9}}},"fnMap":{"0":{"name":"(anonymous_8)","decl":{"start":{"line":5,"column":23},"end":{"line":5,"column":30}},"loc":{"start":{"line":5,"column":48},"end":{"line":11,"column":2}}},"1":{"name":"(anonymous_9)","decl":{"start":{"line":5,"column":48},"end":{"line":5,"column":null}},"loc":{"start":{"line":5,"column":48},"end":{"line":11,"column":1}}}},"branchMap":{"0":{"loc":{"start":{"line":8,"column":2},"end":{"line":8,"column":148}},"type":"if","locations":[{"start":{"line":8,"column":2},"end":{"line":8,"column":148}}]},"1":{"loc":{"start":{"line":8,"column":6},"end":{"line":8,"column":119}},"type":"binary-expr","locations":[{"start":{"line":8,"column":6},"end":{"line":8,"column":13}},{"start":{"line":8,"column":18},"end":{"line":8,"column":66}},{"start":{"line":8,"column":70},"end":{"line":8,"column":118}}]}},"s":{"0":1,"1":1,"2":1,"3":1,"4":0,"5":0,"6":0,"7":0,"8":0},"f":{"0":0,"1":0},"b":{"0":[0],"1":[0,0,0]}}
,"/Users/halilcan/Desktop/others/chat-app/backend/src/models/friend-model.ts": {"path":"/Users/halilcan/Desktop/others/chat-app/backend/src/models/friend-model.ts","statementMap":{"0":{"start":{"line":1,"column":0},"end":{"line":1,"column":41}},"1":{"start":{"line":3,"column":15},"end":{"line":16,"column":null}},"2":{"start":{"line":19,"column":0},"end":{"line":19,"column":39}}},"fnMap":{},"branchMap":{},"s":{"0":1,"1":1,"2":1},"f":{},"b":{}}
,"/Users/halilcan/Desktop/others/chat-app/backend/src/models/message-model.ts": {"path":"/Users/halilcan/Desktop/others/chat-app/backend/src/models/message-model.ts","statementMap":{"0":{"start":{"line":1,"column":0},"end":{"line":1,"column":41}},"1":{"start":{"line":3,"column":0},"end":{"line":3,"column":51}},"2":{"start":{"line":5,"column":16},"end":{"line":15,"column":null}},"3":{"start":{"line":18,"column":0},"end":{"line":18,"column":41}}},"fnMap":{},"branchMap":{},"s":{"0":1,"1":1,"2":1,"3":1},"f":{},"b":{}}
,"/Users/halilcan/Desktop/others/chat-app/backend/src/models/user-model.ts": {"path":"/Users/halilcan/Desktop/others/chat-app/backend/src/models/user-model.ts","statementMap":{"0":{"start":{"line":1,"column":0},"end":{"line":1,"column":41}},"1":{"start":{"line":2,"column":0},"end":{"line":2,"column":26}},"2":{"start":{"line":4,"column":13},"end":{"line":42,"column":null}},"3":{"start":{"line":45,"column":0},"end":{"line":45,"column":35}}},"fnMap":{},"branchMap":{},"s":{"0":1,"1":1,"2":1,"3":1},"f":{},"b":{}}
,"/Users/halilcan/Desktop/others/chat-app/backend/src/models/schematics/messages.ts": {"path":"/Users/halilcan/Desktop/others/chat-app/backend/src/models/schematics/messages.ts","statementMap":{"0":{"start":{"line":1,"column":0},"end":{"line":1,"column":34}},"1":{"start":{"line":2,"column":0},"end":{"line":2,"column":26}},"2":{"start":{"line":4,"column":0},"end":{"line":4,"column":48}},"3":{"start":{"line":6,"column":0},"end":{"line":35,"column":2}}},"fnMap":{},"branchMap":{},"s":{"0":1,"1":1,"2":1,"3":1},"f":{},"b":{}}
,"/Users/halilcan/Desktop/others/chat-app/backend/src/routes/index.ts": {"path":"/Users/halilcan/Desktop/others/chat-app/backend/src/routes/index.ts","statementMap":{"0":{"start":{"line":1,"column":0},"end":{"line":1,"column":33}},"1":{"start":{"line":3,"column":0},"end":{"line":3,"column":64}},"2":{"start":{"line":4,"column":0},"end":{"line":4,"column":66}},"3":{"start":{"line":5,"column":0},"end":{"line":5,"column":56}},"4":{"start":{"line":6,"column":0},"end":{"line":6,"column":59}},"5":{"start":{"line":7,"column":0},"end":{"line":7,"column":68}},"6":{"start":{"line":8,"column":0},"end":{"line":8,"column":50}},"7":{"start":{"line":10,"column":15},"end":{"line":10,"column":23}},"8":{"start":{"line":12,"column":0},"end":{"line":12,"column":52}},"9":{"start":{"line":13,"column":0},"end":{"line":13,"column":49}},"10":{"start":{"line":14,"column":0},"end":{"line":14,"column":40}},"11":{"start":{"line":15,"column":0},"end":{"line":15,"column":45}},"12":{"start":{"line":16,"column":0},"end":{"line":16,"column":60}},"13":{"start":{"line":17,"column":0},"end":{"line":17,"column":51}},"14":{"start":{"line":19,"column":0},"end":{"line":19,"column":22}}},"fnMap":{},"branchMap":{},"s":{"0":1,"1":1,"2":1,"3":1,"4":1,"5":1,"6":1,"7":1,"8":1,"9":1,"10":1,"11":1,"12":1,"13":1,"14":1},"f":{},"b":{}}
,"/Users/halilcan/Desktop/others/chat-app/backend/src/routes/file/file-router.ts": {"path":"/Users/halilcan/Desktop/others/chat-app/backend/src/routes/file/file-router.ts","statementMap":{"0":{"start":{"line":1,"column":0},"end":{"line":1,"column":33}},"1":{"start":{"line":3,"column":0},"end":{"line":3,"column":37}},"2":{"start":{"line":4,"column":0},"end":{"line":4,"column":36}},"3":{"start":{"line":5,"column":0},"end":{"line":5,"column":63}},"4":{"start":{"line":6,"column":0},"end":{"line":6,"column":51}},"5":{"start":{"line":8,"column":15},"end":{"line":8,"column":44}},"6":{"start":{"line":10,"column":0},"end":{"line":10,"column":78}},"7":{"start":{"line":12,"column":0},"end":{"line":12,"column":22}}},"fnMap":{},"branchMap":{},"s":{"0":1,"1":1,"2":1,"3":1,"4":1,"5":1,"6":1,"7":1},"f":{},"b":{}}
,"/Users/halilcan/Desktop/others/chat-app/backend/src/routes/friend/friend-router.ts": {"path":"/Users/halilcan/Desktop/others/chat-app/backend/src/routes/friend/friend-router.ts","statementMap":{"0":{"start":{"line":1,"column":0},"end":{"line":1,"column":33}},"1":{"start":{"line":3,"column":0},"end":{"line":3,"column":37}},"2":{"start":{"line":4,"column":0},"end":{"line":4,"column":69}},"3":{"start":{"line":5,"column":0},"end":{"line":5,"column":80}},"4":{"start":{"line":7,"column":15},"end":{"line":7,"column":23}},"5":{"start":{"line":9,"column":0},"end":{"line":9,"column":53}},"6":{"start":{"line":10,"column":0},"end":{"line":10,"column":46}},"7":{"start":{"line":11,"column":0},"end":{"line":11,"column":70}},"8":{"start":{"line":12,"column":0},"end":{"line":12,"column":60}},"9":{"start":{"line":13,"column":0},"end":{"line":13,"column":54}},"10":{"start":{"line":15,"column":0},"end":{"line":15,"column":22}}},"fnMap":{},"branchMap":{},"s":{"0":1,"1":1,"2":1,"3":1,"4":1,"5":1,"6":1,"7":1,"8":1,"9":1,"10":1},"f":{},"b":{}}
,"/Users/halilcan/Desktop/others/chat-app/backend/src/routes/message/message-router.ts": {"path":"/Users/halilcan/Desktop/others/chat-app/backend/src/routes/message/message-router.ts","statementMap":{"0":{"start":{"line":1,"column":0},"end":{"line":1,"column":33}},"1":{"start":{"line":3,"column":0},"end":{"line":3,"column":37}},"2":{"start":{"line":4,"column":0},"end":{"line":4,"column":72}},"3":{"start":{"line":5,"column":0},"end":{"line":5,"column":83}},"4":{"start":{"line":6,"column":0},"end":{"line":6,"column":89}},"5":{"start":{"line":7,"column":0},"end":{"line":7,"column":81}},"6":{"start":{"line":8,"column":0},"end":{"line":8,"column":92}},"7":{"start":{"line":10,"column":15},"end":{"line":10,"column":44}},"8":{"start":{"line":12,"column":0},"end":{"line":12,"column":72}},"9":{"start":{"line":13,"column":0},"end":{"line":13,"column":97}},"10":{"start":{"line":14,"column":0},"end":{"line":14,"column":77}},"11":{"start":{"line":15,"column":0},"end":{"line":15,"column":109}},"12":{"start":{"line":17,"column":0},"end":{"line":17,"column":22}}},"fnMap":{},"branchMap":{},"s":{"0":1,"1":1,"2":1,"3":1,"4":1,"5":1,"6":1,"7":1,"8":1,"9":1,"10":1,"11":1,"12":1},"f":{},"b":{}}
,"/Users/halilcan/Desktop/others/chat-app/backend/src/routes/message/user-message-router.ts": {"path":"/Users/halilcan/Desktop/others/chat-app/backend/src/routes/message/user-message-router.ts","statementMap":{"0":{"start":{"line":1,"column":0},"end":{"line":1,"column":33}},"1":{"start":{"line":3,"column":0},"end":{"line":3,"column":81}},"2":{"start":{"line":4,"column":0},"end":{"line":4,"column":37}},"3":{"start":{"line":6,"column":15},"end":{"line":6,"column":44}},"4":{"start":{"line":8,"column":0},"end":{"line":8,"column":51}},"5":{"start":{"line":10,"column":0},"end":{"line":10,"column":22}}},"fnMap":{},"branchMap":{},"s":{"0":1,"1":1,"2":1,"3":1,"4":1,"5":1},"f":{},"b":{}}
,"/Users/halilcan/Desktop/others/chat-app/backend/src/routes/user/user-action-router.ts": {"path":"/Users/halilcan/Desktop/others/chat-app/backend/src/routes/user/user-action-router.ts","statementMap":{"0":{"start":{"line":1,"column":0},"end":{"line":1,"column":33}},"1":{"start":{"line":3,"column":0},"end":{"line":3,"column":76}},"2":{"start":{"line":4,"column":0},"end":{"line":4,"column":80}},"3":{"start":{"line":5,"column":0},"end":{"line":5,"column":74}},"4":{"start":{"line":6,"column":0},"end":{"line":6,"column":37}},"5":{"start":{"line":8,"column":15},"end":{"line":8,"column":23}},"6":{"start":{"line":10,"column":0},"end":{"line":10,"column":80}},"7":{"start":{"line":11,"column":0},"end":{"line":11,"column":71}},"8":{"start":{"line":12,"column":0},"end":{"line":12,"column":58}},"9":{"start":{"line":14,"column":0},"end":{"line":14,"column":22}}},"fnMap":{},"branchMap":{},"s":{"0":1,"1":1,"2":1,"3":1,"4":1,"5":1,"6":1,"7":1,"8":1,"9":1},"f":{},"b":{}}
,"/Users/halilcan/Desktop/others/chat-app/backend/src/routes/user/user-setting-router.ts": {"path":"/Users/halilcan/Desktop/others/chat-app/backend/src/routes/user/user-setting-router.ts","statementMap":{"0":{"start":{"line":1,"column":0},"end":{"line":1,"column":33}},"1":{"start":{"line":3,"column":0},"end":{"line":3,"column":78}},"2":{"start":{"line":4,"column":0},"end":{"line":4,"column":37}},"3":{"start":{"line":5,"column":0},"end":{"line":5,"column":93}},"4":{"start":{"line":7,"column":15},"end":{"line":7,"column":23}},"5":{"start":{"line":9,"column":0},"end":{"line":9,"column":51}},"6":{"start":{"line":10,"column":0},"end":{"line":10,"column":82}},"7":{"start":{"line":12,"column":0},"end":{"line":12,"column":22}}},"fnMap":{},"branchMap":{},"s":{"0":1,"1":1,"2":1,"3":1,"4":1,"5":1,"6":1,"7":1},"f":{},"b":{}}
,"/Users/halilcan/Desktop/others/chat-app/backend/src/services/friend-service.ts": {"path":"/Users/halilcan/Desktop/others/chat-app/backend/src/services/friend-service.ts","statementMap":{"0":{"start":{"line":3,"column":0},"end":{"line":3,"column":42}},"1":{"start":{"line":4,"column":0},"end":{"line":4,"column":73}},"2":{"start":{"line":5,"column":0},"end":{"line":5,"column":44}},"3":{"start":{"line":6,"column":0},"end":{"line":6,"column":55}},"4":{"start":{"line":8,"column":15},"end":{"line":13,"column":2}},"5":{"start":{"line":8,"column":99},"end":{"line":13,"column":2}},"6":{"start":{"line":9,"column":2},"end":{"line":12,"column":5}},"7":{"start":{"line":15,"column":19},"end":{"line":17,"column":2}},"8":{"start":{"line":15,"column":79},"end":{"line":17,"column":2}},"9":{"start":{"line":16,"column":2},"end":{"line":16,"column":50}},"10":{"start":{"line":19,"column":15},"end":{"line":23,"column":2}},"11":{"start":{"line":19,"column":66},"end":{"line":23,"column":2}},"12":{"start":{"line":20,"column":2},"end":{"line":22,"column":12}},"13":{"start":{"line":25,"column":15},"end":{"line":27,"column":2}},"14":{"start":{"line":25,"column":84},"end":{"line":27,"column":2}},"15":{"start":{"line":26,"column":2},"end":{"line":26,"column":48}},"16":{"start":{"line":29,"column":15},"end":{"line":33,"column":2}},"17":{"start":{"line":29,"column":81},"end":{"line":33,"column":2}},"18":{"start":{"line":30,"column":2},"end":{"line":30,"column":79}},"19":{"start":{"line":30,"column":42},"end":{"line":30,"column":79}},"20":{"start":{"line":31,"column":17},"end":{"line":31,"column":62}},"21":{"start":{"line":32,"column":2},"end":{"line":32,"column":47}},"22":{"start":{"line":35,"column":18},"end":{"line":42,"column":2}},"23":{"start":{"line":35,"column":80},"end":{"line":42,"column":2}},"24":{"start":{"line":36,"column":17},"end":{"line":36,"column":56}},"25":{"start":{"line":38,"column":2},"end":{"line":38,"column":41}},"26":{"start":{"line":38,"column":15},"end":{"line":38,"column":41}},"27":{"start":{"line":40,"column":2},"end":{"line":40,"column":52}},"28":{"start":{"line":41,"column":2},"end":{"line":41,"column":53}},"29":{"start":{"line":44,"column":0},"end":{"line":51,"column":2}}},"fnMap":{"0":{"name":"(anonymous_8)","decl":{"start":{"line":8,"column":15},"end":{"line":8,"column":22}},"loc":{"start":{"line":8,"column":99},"end":{"line":13,"column":2}}},"1":{"name":"(anonymous_9)","decl":{"start":{"line":8,"column":99},"end":{"line":8,"column":null}},"loc":{"start":{"line":8,"column":99},"end":{"line":13,"column":1}}},"2":{"name":"(anonymous_10)","decl":{"start":{"line":15,"column":19},"end":{"line":15,"column":26}},"loc":{"start":{"line":15,"column":79},"end":{"line":17,"column":2}}},"3":{"name":"(anonymous_11)","decl":{"start":{"line":15,"column":79},"end":{"line":15,"column":null}},"loc":{"start":{"line":15,"column":79},"end":{"line":17,"column":1}}},"4":{"name":"(anonymous_12)","decl":{"start":{"line":19,"column":15},"end":{"line":19,"column":22}},"loc":{"start":{"line":19,"column":66},"end":{"line":23,"column":2}}},"5":{"name":"(anonymous_13)","decl":{"start":{"line":19,"column":66},"end":{"line":19,"column":null}},"loc":{"start":{"line":19,"column":66},"end":{"line":23,"column":1}}},"6":{"name":"(anonymous_14)","decl":{"start":{"line":25,"column":15},"end":{"line":25,"column":22}},"loc":{"start":{"line":25,"column":84},"end":{"line":27,"column":2}}},"7":{"name":"(anonymous_15)","decl":{"start":{"line":25,"column":84},"end":{"line":25,"column":null}},"loc":{"start":{"line":25,"column":84},"end":{"line":27,"column":1}}},"8":{"name":"(anonymous_16)","decl":{"start":{"line":29,"column":15},"end":{"line":29,"column":22}},"loc":{"start":{"line":29,"column":81},"end":{"line":33,"column":2}}},"9":{"name":"(anonymous_17)","decl":{"start":{"line":29,"column":81},"end":{"line":29,"column":null}},"loc":{"start":{"line":29,"column":81},"end":{"line":33,"column":1}}},"10":{"name":"(anonymous_18)","decl":{"start":{"line":35,"column":18},"end":{"line":35,"column":25}},"loc":{"start":{"line":35,"column":80},"end":{"line":42,"column":2}}},"11":{"name":"(anonymous_19)","decl":{"start":{"line":35,"column":80},"end":{"line":35,"column":null}},"loc":{"start":{"line":35,"column":80},"end":{"line":42,"column":1}}}},"branchMap":{"0":{"loc":{"start":{"line":30,"column":2},"end":{"line":30,"column":79}},"type":"if","locations":[{"start":{"line":30,"column":2},"end":{"line":30,"column":79}}]},"1":{"loc":{"start":{"line":38,"column":2},"end":{"line":38,"column":41}},"type":"if","locations":[{"start":{"line":38,"column":2},"end":{"line":38,"column":41}}]}},"s":{"0":1,"1":1,"2":1,"3":1,"4":1,"5":0,"6":0,"7":1,"8":0,"9":0,"10":1,"11":0,"12":0,"13":1,"14":0,"15":0,"16":1,"17":0,"18":0,"19":0,"20":0,"21":0,"22":1,"23":0,"24":0,"25":0,"26":0,"27":0,"28":0,"29":1},"f":{"0":0,"1":0,"2":0,"3":0,"4":0,"5":0,"6":0,"7":0,"8":0,"9":0,"10":0,"11":0},"b":{"0":[0],"1":[0]}}
,"/Users/halilcan/Desktop/others/chat-app/backend/src/services/message-service.ts": {"path":"/Users/halilcan/Desktop/others/chat-app/backend/src/services/message-service.ts","statementMap":{"0":{"start":{"line":3,"column":0},"end":{"line":3,"column":44}},"1":{"start":{"line":5,"column":15},"end":{"line":8,"column":2}},"2":{"start":{"line":5,"column":65},"end":{"line":8,"column":2}},"3":{"start":{"line":6,"column":23},"end":{"line":6,"column":65}},"4":{"start":{"line":7,"column":2},"end":{"line":7,"column":18}},"5":{"start":{"line":10,"column":20},"end":{"line":13,"column":2}},"6":{"start":{"line":10,"column":64},"end":{"line":13,"column":2}},"7":{"start":{"line":11,"column":31},"end":{"line":11,"column":68}},"8":{"start":{"line":12,"column":2},"end":{"line":12,"column":63}},"9":{"start":{"line":12,"column":28},"end":{"line":12,"column":63}},"10":{"start":{"line":15,"column":15},"end":{"line":20,"column":2}},"11":{"start":{"line":15,"column":81},"end":{"line":20,"column":2}},"12":{"start":{"line":16,"column":23},"end":{"line":16,"column":58}},"13":{"start":{"line":17,"column":2},"end":{"line":17,"column":43}},"14":{"start":{"line":19,"column":2},"end":{"line":19,"column":28}},"15":{"start":{"line":22,"column":29},"end":{"line":32,"column":2}},"16":{"start":{"line":22,"column":113},"end":{"line":32,"column":2}},"17":{"start":{"line":23,"column":23},"end":{"line":23,"column":58}},"18":{"start":{"line":25,"column":2},"end":{"line":29,"column":5}},"19":{"start":{"line":26,"column":4},"end":{"line":26,"column":79}},"20":{"start":{"line":26,"column":50},"end":{"line":26,"column":79}},"21":{"start":{"line":28,"column":4},"end":{"line":28,"column":19}},"22":{"start":{"line":31,"column":2},"end":{"line":31,"column":28}},"23":{"start":{"line":34,"column":26},"end":{"line":40,"column":2}},"24":{"start":{"line":34,"column":70},"end":{"line":40,"column":2}},"25":{"start":{"line":35,"column":23},"end":{"line":35,"column":58}},"26":{"start":{"line":37,"column":2},"end":{"line":37,"column":29}},"27":{"start":{"line":39,"column":2},"end":{"line":39,"column":28}},"28":{"start":{"line":42,"column":0},"end":{"line":48,"column":2}}},"fnMap":{"0":{"name":"(anonymous_8)","decl":{"start":{"line":5,"column":15},"end":{"line":5,"column":22}},"loc":{"start":{"line":5,"column":65},"end":{"line":8,"column":2}}},"1":{"name":"(anonymous_9)","decl":{"start":{"line":5,"column":65},"end":{"line":5,"column":null}},"loc":{"start":{"line":5,"column":65},"end":{"line":8,"column":1}}},"2":{"name":"(anonymous_10)","decl":{"start":{"line":10,"column":20},"end":{"line":10,"column":27}},"loc":{"start":{"line":10,"column":64},"end":{"line":13,"column":2}}},"3":{"name":"(anonymous_11)","decl":{"start":{"line":10,"column":64},"end":{"line":10,"column":null}},"loc":{"start":{"line":10,"column":64},"end":{"line":13,"column":1}}},"4":{"name":"(anonymous_12)","decl":{"start":{"line":15,"column":15},"end":{"line":15,"column":22}},"loc":{"start":{"line":15,"column":81},"end":{"line":20,"column":2}}},"5":{"name":"(anonymous_13)","decl":{"start":{"line":15,"column":81},"end":{"line":15,"column":null}},"loc":{"start":{"line":15,"column":81},"end":{"line":20,"column":1}}},"6":{"name":"(anonymous_14)","decl":{"start":{"line":22,"column":29},"end":{"line":22,"column":36}},"loc":{"start":{"line":22,"column":113},"end":{"line":32,"column":2}}},"7":{"name":"(anonymous_15)","decl":{"start":{"line":22,"column":113},"end":{"line":22,"column":null}},"loc":{"start":{"line":22,"column":113},"end":{"line":32,"column":1}}},"8":{"name":"(anonymous_16)","decl":{"start":{"line":25,"column":28},"end":{"line":25,"column":29}},"loc":{"start":{"line":25,"column":45},"end":{"line":29,"column":3}}},"9":{"name":"(anonymous_17)","decl":{"start":{"line":34,"column":26},"end":{"line":34,"column":33}},"loc":{"start":{"line":34,"column":70},"end":{"line":40,"column":2}}},"10":{"name":"(anonymous_18)","decl":{"start":{"line":34,"column":70},"end":{"line":34,"column":null}},"loc":{"start":{"line":34,"column":70},"end":{"line":40,"column":1}}}},"branchMap":{"0":{"loc":{"start":{"line":12,"column":2},"end":{"line":12,"column":63}},"type":"if","locations":[{"start":{"line":12,"column":2},"end":{"line":12,"column":63}}]},"1":{"loc":{"start":{"line":26,"column":4},"end":{"line":26,"column":79}},"type":"if","locations":[{"start":{"line":26,"column":4},"end":{"line":26,"column":79}}]}},"s":{"0":1,"1":1,"2":0,"3":0,"4":0,"5":1,"6":0,"7":0,"8":0,"9":0,"10":1,"11":0,"12":0,"13":0,"14":0,"15":1,"16":0,"17":0,"18":0,"19":0,"20":0,"21":0,"22":0,"23":1,"24":0,"25":0,"26":0,"27":0,"28":1},"f":{"0":0,"1":0,"2":0,"3":0,"4":0,"5":0,"6":0,"7":0,"8":0,"9":0,"10":0},"b":{"0":[0],"1":[0]}}
,"/Users/halilcan/Desktop/others/chat-app/backend/src/services/user-service.ts": {"path":"/Users/halilcan/Desktop/others/chat-app/backend/src/services/user-service.ts","statementMap":{"0":{"start":{"line":1,"column":0},"end":{"line":1,"column":31}},"1":{"start":{"line":3,"column":0},"end":{"line":3,"column":38}},"2":{"start":{"line":6,"column":19},"end":{"line":8,"column":2}},"3":{"start":{"line":6,"column":57},"end":{"line":8,"column":2}},"4":{"start":{"line":7,"column":2},"end":{"line":7,"column":26}},"5":{"start":{"line":10,"column":20},"end":{"line":18,"column":2}},"6":{"start":{"line":10,"column":64},"end":{"line":18,"column":2}},"7":{"start":{"line":11,"column":15},"end":{"line":11,"column":47}},"8":{"start":{"line":12,"column":16},"end":{"line":12,"column":84}},"9":{"start":{"line":14,"column":2},"end":{"line":14,"column":30}},"10":{"start":{"line":15,"column":2},"end":{"line":15,"column":20}},"11":{"start":{"line":17,"column":2},"end":{"line":17,"column":15}},"12":{"start":{"line":20,"column":20},"end":{"line":25,"column":2}},"13":{"start":{"line":20,"column":77},"end":{"line":25,"column":2}},"14":{"start":{"line":21,"column":15},"end":{"line":21,"column":50}},"15":{"start":{"line":23,"column":2},"end":{"line":23,"column":81}},"16":{"start":{"line":23,"column":55},"end":{"line":23,"column":79}},"17":{"start":{"line":24,"column":2},"end":{"line":24,"column":20}},"18":{"start":{"line":27,"column":15},"end":{"line":31,"column":2}},"19":{"start":{"line":27,"column":82},"end":{"line":31,"column":2}},"20":{"start":{"line":28,"column":2},"end":{"line":30,"column":12}},"21":{"start":{"line":33,"column":15},"end":{"line":35,"column":2}},"22":{"start":{"line":33,"column":59},"end":{"line":35,"column":2}},"23":{"start":{"line":34,"column":2},"end":{"line":34,"column":98}},"24":{"start":{"line":37,"column":16},"end":{"line":41,"column":2}},"25":{"start":{"line":37,"column":72},"end":{"line":41,"column":2}},"26":{"start":{"line":38,"column":2},"end":{"line":40,"column":12}},"27":{"start":{"line":43,"column":0},"end":{"line":50,"column":2}}},"fnMap":{"0":{"name":"(anonymous_8)","decl":{"start":{"line":6,"column":19},"end":{"line":6,"column":26}},"loc":{"start":{"line":6,"column":57},"end":{"line":8,"column":2}}},"1":{"name":"(anonymous_9)","decl":{"start":{"line":6,"column":57},"end":{"line":6,"column":null}},"loc":{"start":{"line":6,"column":57},"end":{"line":8,"column":1}}},"2":{"name":"(anonymous_10)","decl":{"start":{"line":10,"column":20},"end":{"line":10,"column":27}},"loc":{"start":{"line":10,"column":64},"end":{"line":18,"column":2}}},"3":{"name":"(anonymous_11)","decl":{"start":{"line":10,"column":64},"end":{"line":10,"column":null}},"loc":{"start":{"line":10,"column":64},"end":{"line":18,"column":1}}},"4":{"name":"(anonymous_12)","decl":{"start":{"line":20,"column":20},"end":{"line":20,"column":27}},"loc":{"start":{"line":20,"column":77},"end":{"line":25,"column":2}}},"5":{"name":"(anonymous_13)","decl":{"start":{"line":20,"column":77},"end":{"line":20,"column":null}},"loc":{"start":{"line":20,"column":77},"end":{"line":25,"column":1}}},"6":{"name":"(anonymous_14)","decl":{"start":{"line":23,"column":35},"end":{"line":23,"column":36}},"loc":{"start":{"line":23,"column":55},"end":{"line":23,"column":79}}},"7":{"name":"(anonymous_15)","decl":{"start":{"line":27,"column":15},"end":{"line":27,"column":22}},"loc":{"start":{"line":27,"column":82},"end":{"line":31,"column":2}}},"8":{"name":"(anonymous_16)","decl":{"start":{"line":27,"column":82},"end":{"line":27,"column":null}},"loc":{"start":{"line":27,"column":82},"end":{"line":31,"column":1}}},"9":{"name":"(anonymous_17)","decl":{"start":{"line":33,"column":15},"end":{"line":33,"column":22}},"loc":{"start":{"line":33,"column":59},"end":{"line":35,"column":2}}},"10":{"name":"(anonymous_18)","decl":{"start":{"line":33,"column":59},"end":{"line":33,"column":null}},"loc":{"start":{"line":33,"column":59},"end":{"line":35,"column":1}}},"11":{"name":"(anonymous_19)","decl":{"start":{"line":37,"column":16},"end":{"line":37,"column":23}},"loc":{"start":{"line":37,"column":72},"end":{"line":41,"column":2}}},"12":{"name":"(anonymous_20)","decl":{"start":{"line":37,"column":72},"end":{"line":37,"column":null}},"loc":{"start":{"line":37,"column":72},"end":{"line":41,"column":1}}}},"branchMap":{},"s":{"0":1,"1":1,"2":1,"3":0,"4":0,"5":1,"6":0,"7":0,"8":0,"9":0,"10":0,"11":0,"12":1,"13":0,"14":0,"15":0,"16":0,"17":0,"18":1,"19":0,"20":0,"21":1,"22":0,"23":0,"24":1,"25":0,"26":0,"27":1},"f":{"0":0,"1":0,"2":0,"3":0,"4":0,"5":0,"6":0,"7":0,"8":0,"9":0,"10":0,"11":0,"12":0},"b":{}}
,"/Users/halilcan/Desktop/others/chat-app/backend/src/services/user-setting-service.ts": {"path":"/Users/halilcan/Desktop/others/chat-app/backend/src/services/user-setting-service.ts","statementMap":{"0":{"start":{"line":3,"column":0},"end":{"line":3,"column":38}},"1":{"start":{"line":5,"column":15},"end":{"line":7,"column":2}},"2":{"start":{"line":5,"column":72},"end":{"line":7,"column":2}},"3":{"start":{"line":6,"column":2},"end":{"line":6,"column":49}},"4":{"start":{"line":9,"column":0},"end":{"line":11,"column":2}}},"fnMap":{"0":{"name":"(anonymous_8)","decl":{"start":{"line":5,"column":15},"end":{"line":5,"column":22}},"loc":{"start":{"line":5,"column":72},"end":{"line":7,"column":2}}},"1":{"name":"(anonymous_9)","decl":{"start":{"line":5,"column":72},"end":{"line":5,"column":null}},"loc":{"start":{"line":5,"column":72},"end":{"line":7,"column":1}}}},"branchMap":{},"s":{"0":1,"1":1,"2":0,"3":0,"4":1},"f":{"0":0,"1":0},"b":{}}
,"/Users/halilcan/Desktop/others/chat-app/backend/src/shared/handler.ts": {"path":"/Users/halilcan/Desktop/others/chat-app/backend/src/shared/handler.ts","statementMap":{"0":{"start":{"line":3,"column":0},"end":{"line":3,"column":40}},"1":{"start":{"line":4,"column":0},"end":{"line":4,"column":54}},"2":{"start":{"line":14,"column":26},"end":{"line":21,"column":2}},"3":{"start":{"line":14,"column":45},"end":{"line":21,"column":2}},"4":{"start":{"line":14,"column":70},"end":{"line":21,"column":2}},"5":{"start":{"line":15,"column":2},"end":{"line":20,"column":null}},"6":{"start":{"line":16,"column":4},"end":{"line":16,"column":42}},"7":{"start":{"line":18,"column":4},"end":{"line":18,"column":21}},"8":{"start":{"line":19,"column":4},"end":{"line":19,"column":102}},"9":{"start":{"line":23,"column":0},"end":{"line":23,"column":23}}},"fnMap":{"0":{"name":"(anonymous_8)","decl":{"start":{"line":14,"column":26},"end":{"line":14,"column":41}},"loc":{"start":{"line":14,"column":45},"end":{"line":21,"column":2}}},"1":{"name":"(anonymous_9)","decl":{"start":{"line":14,"column":45},"end":{"line":14,"column":52}},"loc":{"start":{"line":14,"column":70},"end":{"line":21,"column":2}}},"2":{"name":"(anonymous_10)","decl":{"start":{"line":14,"column":70},"end":{"line":14,"column":null}},"loc":{"start":{"line":14,"column":70},"end":{"line":21,"column":1}}}},"branchMap":{"0":{"loc":{"start":{"line":19,"column":4},"end":{"line":19,"column":101}},"type":"cond-expr","locations":[{"start":{"line":19,"column":33},"end":{"line":19,"column":76}},{"start":{"line":19,"column":79},"end":{"line":19,"column":101}}]}},"s":{"0":1,"1":1,"2":1,"3":19,"4":0,"5":0,"6":0,"7":0,"8":0,"9":1},"f":{"0":19,"1":0,"2":0},"b":{"0":[0,0]}}
,"/Users/halilcan/Desktop/others/chat-app/backend/src/shared/errors/custom-error.ts": {"path":"/Users/halilcan/Desktop/others/chat-app/backend/src/shared/errors/custom-error.ts","statementMap":{"0":{"start":{"line":5,"column":4},"end":{"line":5,"column":19}},"1":{"start":{"line":6,"column":4},"end":{"line":6,"column":21}},"2":{"start":{"line":10,"column":0},"end":{"line":10,"column":27}}},"fnMap":{"0":{"name":"(anonymous_0)","decl":{"start":{"line":4,"column":2},"end":{"line":4,"column":14}},"loc":{"start":{"line":4,"column":43},"end":{"line":7,"column":3}}}},"branchMap":{},"s":{"0":0,"1":0,"2":1},"f":{"0":0},"b":{}}
,"/Users/halilcan/Desktop/others/chat-app/backend/src/shared/errors/express-error-handling.ts": {"path":"/Users/halilcan/Desktop/others/chat-app/backend/src/shared/errors/express-error-handling.ts","statementMap":{"0":{"start":{"line":2,"column":0},"end":{"line":2,"column":47}},"1":{"start":{"line":8,"column":0},"end":{"line":15,"column":2}},"2":{"start":{"line":9,"column":2},"end":{"line":9,"column":35}},"3":{"start":{"line":10,"column":2},"end":{"line":10,"column":78}},"4":{"start":{"line":12,"column":2},"end":{"line":12,"column":73}},"5":{"start":{"line":12,"column":53},"end":{"line":12,"column":73}},"6":{"start":{"line":14,"column":2},"end":{"line":14,"column":72}}},"fnMap":{"0":{"name":"(anonymous_1)","decl":{"start":{"line":8,"column":15},"end":{"line":8,"column":16}},"loc":{"start":{"line":8,"column":76},"end":{"line":15,"column":1}}}},"branchMap":{"0":{"loc":{"start":{"line":10,"column":21},"end":{"line":10,"column":77}},"type":"cond-expr","locations":[{"start":{"line":10,"column":69},"end":{"line":10,"column":72}},{"start":{"line":10,"column":75},"end":{"line":10,"column":77}}]},"1":{"loc":{"start":{"line":12,"column":2},"end":{"line":12,"column":73}},"type":"if","locations":[{"start":{"line":12,"column":2},"end":{"line":12,"column":73}}]},"2":{"loc":{"start":{"line":14,"column":13},"end":{"line":14,"column":53}},"type":"cond-expr","locations":[{"start":{"line":14,"column":23},"end":{"line":14,"column":27}},{"start":{"line":14,"column":27},"end":{"line":14,"column":53}}]},"3":{"loc":{"start":{"line":14,"column":13},"end":{"line":14,"column":27}},"type":"binary-expr","locations":[{"start":{"line":14,"column":13},"end":{"line":14,"column":27}},{"start":{"line":14,"column":23},"end":{"line":14,"column":27}}]}},"s":{"0":1,"1":1,"2":1,"3":1,"4":1,"5":1,"6":1},"f":{"0":1},"b":{"0":[0,1],"1":[1],"2":[1,0],"3":[1,1]}}
,"/Users/halilcan/Desktop/others/chat-app/backend/src/shared/errors/index.ts": {"path":"/Users/halilcan/Desktop/others/chat-app/backend/src/shared/errors/index.ts","statementMap":{"0":{"start":{"line":1,"column":0},"end":{"line":1,"column":47}},"1":{"start":{"line":3,"column":0},"end":{"line":3,"column":54}},"2":{"start":{"line":7,"column":4},"end":{"line":7,"column":25}},"3":{"start":{"line":5,"column":0},"end":{"line":5,"column":13}},"4":{"start":{"line":13,"column":4},"end":{"line":13,"column":25}},"5":{"start":{"line":11,"column":0},"end":{"line":11,"column":13}},"6":{"start":{"line":19,"column":4},"end":{"line":19,"column":25}},"7":{"start":{"line":17,"column":0},"end":{"line":17,"column":13}},"8":{"start":{"line":25,"column":4},"end":{"line":25,"column":25}},"9":{"start":{"line":23,"column":0},"end":{"line":23,"column":13}},"10":{"start":{"line":31,"column":4},"end":{"line":31,"column":25}},"11":{"start":{"line":29,"column":0},"end":{"line":29,"column":13}},"12":{"start":{"line":37,"column":4},"end":{"line":37,"column":25}},"13":{"start":{"line":35,"column":0},"end":{"line":35,"column":13}},"14":{"start":{"line":43,"column":4},"end":{"line":43,"column":25}},"15":{"start":{"line":41,"column":0},"end":{"line":41,"column":13}},"16":{"start":{"line":49,"column":4},"end":{"line":49,"column":25}},"17":{"start":{"line":47,"column":0},"end":{"line":47,"column":13}}},"fnMap":{"0":{"name":"(anonymous_1)","decl":{"start":{"line":6,"column":2},"end":{"line":6,"column":14}},"loc":{"start":{"line":6,"column":75},"end":{"line":8,"column":3}}},"1":{"name":"(anonymous_2)","decl":{"start":{"line":12,"column":2},"end":{"line":12,"column":14}},"loc":{"start":{"line":12,"column":69},"end":{"line":14,"column":3}}},"2":{"name":"(anonymous_3)","decl":{"start":{"line":18,"column":2},"end":{"line":18,"column":14}},"loc":{"start":{"line":18,"column":82},"end":{"line":20,"column":3}}},"3":{"name":"(anonymous_4)","decl":{"start":{"line":24,"column":2},"end":{"line":24,"column":14}},"loc":{"start":{"line":24,"column":74},"end":{"line":26,"column":3}}},"4":{"name":"(anonymous_5)","decl":{"start":{"line":30,"column":2},"end":{"line":30,"column":14}},"loc":{"start":{"line":30,"column":87},"end":{"line":32,"column":3}}},"5":{"name":"(anonymous_6)","decl":{"start":{"line":36,"column":2},"end":{"line":36,"column":14}},"loc":{"start":{"line":36,"column":85},"end":{"line":38,"column":3}}},"6":{"name":"(anonymous_7)","decl":{"start":{"line":42,"column":2},"end":{"line":42,"column":14}},"loc":{"start":{"line":42,"column":76},"end":{"line":44,"column":3}}},"7":{"name":"(anonymous_8)","decl":{"start":{"line":48,"column":2},"end":{"line":48,"column":14}},"loc":{"start":{"line":48,"column":76},"end":{"line":50,"column":3}}}},"branchMap":{"0":{"loc":{"start":{"line":6,"column":14},"end":{"line":6,"column":36}},"type":"default-arg","locations":[{"start":{"line":6,"column":24},"end":{"line":6,"column":36}}]},"1":{"loc":{"start":{"line":6,"column":38},"end":{"line":6,"column":75}},"type":"default-arg","locations":[{"start":{"line":6,"column":45},"end":{"line":6,"column":75}}]},"2":{"loc":{"start":{"line":12,"column":14},"end":{"line":12,"column":35}},"type":"default-arg","locations":[{"start":{"line":12,"column":24},"end":{"line":12,"column":35}}]},"3":{"loc":{"start":{"line":12,"column":37},"end":{"line":12,"column":69}},"type":"default-arg","locations":[{"start":{"line":12,"column":44},"end":{"line":12,"column":69}}]},"4":{"loc":{"start":{"line":18,"column":14},"end":{"line":18,"column":46}},"type":"default-arg","locations":[{"start":{"line":18,"column":24},"end":{"line":18,"column":46}}]},"5":{"loc":{"start":{"line":18,"column":48},"end":{"line":18,"column":82}},"type":"default-arg","locations":[{"start":{"line":18,"column":55},"end":{"line":18,"column":82}}]},"6":{"loc":{"start":{"line":24,"column":14},"end":{"line":24,"column":41}},"type":"default-arg","locations":[{"start":{"line":24,"column":24},"end":{"line":24,"column":41}}]},"7":{"loc":{"start":{"line":24,"column":43},"end":{"line":24,"column":74}},"type":"default-arg","locations":[{"start":{"line":24,"column":50},"end":{"line":24,"column":74}}]},"8":{"loc":{"start":{"line":30,"column":14},"end":{"line":30,"column":55}},"type":"default-arg","locations":[{"start":{"line":30,"column":24},"end":{"line":30,"column":55}}]},"9":{"loc":{"start":{"line":30,"column":57},"end":{"line":30,"column":87}},"type":"default-arg","locations":[{"start":{"line":30,"column":64},"end":{"line":30,"column":87}}]},"10":{"loc":{"start":{"line":36,"column":14},"end":{"line":36,"column":53}},"type":"default-arg","locations":[{"start":{"line":36,"column":24},"end":{"line":36,"column":53}}]},"11":{"loc":{"start":{"line":36,"column":55},"end":{"line":36,"column":85}},"type":"default-arg","locations":[{"start":{"line":36,"column":62},"end":{"line":36,"column":85}}]},"12":{"loc":{"start":{"line":42,"column":14},"end":{"line":42,"column":41}},"type":"default-arg","locations":[{"start":{"line":42,"column":24},"end":{"line":42,"column":41}}]},"13":{"loc":{"start":{"line":42,"column":43},"end":{"line":42,"column":76}},"type":"default-arg","locations":[{"start":{"line":42,"column":50},"end":{"line":42,"column":76}}]},"14":{"loc":{"start":{"line":48,"column":14},"end":{"line":48,"column":41}},"type":"default-arg","locations":[{"start":{"line":48,"column":24},"end":{"line":48,"column":41}}]},"15":{"loc":{"start":{"line":48,"column":43},"end":{"line":48,"column":76}},"type":"default-arg","locations":[{"start":{"line":48,"column":50},"end":{"line":48,"column":76}}]}},"s":{"0":1,"1":1,"2":0,"3":1,"4":0,"5":1,"6":0,"7":1,"8":0,"9":1,"10":0,"11":1,"12":0,"13":1,"14":0,"15":1,"16":0,"17":1},"f":{"0":0,"1":0,"2":0,"3":0,"4":0,"5":0,"6":0,"7":0},"b":{"0":[0],"1":[0],"2":[0],"3":[0],"4":[0],"5":[0],"6":[0],"7":[0],"8":[0],"9":[0],"10":[0],"11":[0],"12":[0],"13":[0],"14":[0],"15":[0]}}
,"/Users/halilcan/Desktop/others/chat-app/backend/src/shared/multer/index.ts": {"path":"/Users/halilcan/Desktop/others/chat-app/backend/src/shared/multer/index.ts","statementMap":{"0":{"start":{"line":1,"column":0},"end":{"line":1,"column":28}},"1":{"start":{"line":3,"column":0},"end":{"line":3,"column":81}},"2":{"start":{"line":5,"column":16},"end":{"line":12,"column":2}},"3":{"start":{"line":8,"column":21},"end":{"line":8,"column":78}},"4":{"start":{"line":10,"column":4},"end":{"line":10,"column":36}},"5":{"start":{"line":14,"column":0},"end":{"line":32,"column":3}},"6":{"start":{"line":20,"column":4},"end":{"line":23,"column":null}},"7":{"start":{"line":21,"column":6},"end":{"line":21,"column":22}},"8":{"start":{"line":22,"column":6},"end":{"line":22,"column":52}},"9":{"start":{"line":25,"column":4},"end":{"line":28,"column":null}},"10":{"start":{"line":26,"column":6},"end":{"line":26,"column":22}},"11":{"start":{"line":27,"column":6},"end":{"line":27,"column":52}},"12":{"start":{"line":30,"column":4},"end":{"line":30,"column":19}}},"fnMap":{"0":{"name":"(anonymous_1)","decl":{"start":{"line":7,"column":12},"end":{"line":7,"column":22}},"loc":{"start":{"line":7,"column":35},"end":{"line":11,"column":3}}},"1":{"name":"(anonymous_2)","decl":{"start":{"line":19,"column":14},"end":{"line":19,"column":15}},"loc":{"start":{"line":19,"column":32},"end":{"line":31,"column":3}}}},"branchMap":{"0":{"loc":{"start":{"line":8,"column":21},"end":{"line":8,"column":78}},"type":"cond-expr","locations":[{"start":{"line":8,"column":63},"end":{"line":8,"column":69}},{"start":{"line":8,"column":72},"end":{"line":8,"column":78}}]},"1":{"loc":{"start":{"line":20,"column":4},"end":{"line":23,"column":null}},"type":"if","locations":[{"start":{"line":20,"column":4},"end":{"line":23,"column":null}}]},"2":{"loc":{"start":{"line":20,"column":8},"end":{"line":20,"column":92}},"type":"binary-expr","locations":[{"start":{"line":20,"column":8},"end":{"line":20,"column":47}},{"start":{"line":20,"column":51},"end":{"line":20,"column":92}}]},"3":{"loc":{"start":{"line":25,"column":4},"end":{"line":28,"column":null}},"type":"if","locations":[{"start":{"line":25,"column":4},"end":{"line":28,"column":null}}]},"4":{"loc":{"start":{"line":25,"column":8},"end":{"line":25,"column":92}},"type":"binary-expr","locations":[{"start":{"line":25,"column":8},"end":{"line":25,"column":47}},{"start":{"line":25,"column":51},"end":{"line":25,"column":92}}]}},"s":{"0":1,"1":1,"2":1,"3":0,"4":0,"5":1,"6":0,"7":0,"8":0,"9":0,"10":0,"11":0,"12":0},"f":{"0":0,"1":0},"b":{"0":[0,0],"1":[0],"2":[0,0],"3":[0],"4":[0,0]}}
,"/Users/halilcan/Desktop/others/chat-app/backend/src/shared/response/index.ts": {"path":"/Users/halilcan/Desktop/others/chat-app/backend/src/shared/response/index.ts","statementMap":{"0":{"start":{"line":1,"column":0},"end":{"line":1,"column":47}},"1":{"start":{"line":13,"column":31},"end":{"line":13,"column":33}},"2":{"start":{"line":15,"column":0},"end":{"line":25,"column":2}},"3":{"start":{"line":16,"column":2},"end":{"line":24,"column":8}},"4":{"start":{"line":27,"column":0},"end":{"line":37,"column":2}},"5":{"start":{"line":28,"column":2},"end":{"line":36,"column":8}},"6":{"start":{"line":39,"column":0},"end":{"line":44,"column":2}},"7":{"start":{"line":40,"column":2},"end":{"line":43,"column":4}},"8":{"start":{"line":46,"column":0},"end":{"line":51,"column":2}},"9":{"start":{"line":47,"column":2},"end":{"line":50,"column":4}},"10":{"start":{"line":53,"column":0},"end":{"line":63,"column":2}},"11":{"start":{"line":54,"column":2},"end":{"line":62,"column":8}},"12":{"start":{"line":65,"column":0},"end":{"line":65,"column":24}}},"fnMap":{"0":{"name":"(anonymous_1)","decl":{"start":{"line":15,"column":19},"end":{"line":15,"column":20}},"loc":{"start":{"line":15,"column":71},"end":{"line":25,"column":1}}},"1":{"name":"(anonymous_2)","decl":{"start":{"line":27,"column":19},"end":{"line":27,"column":20}},"loc":{"start":{"line":27,"column":76},"end":{"line":37,"column":1}}},"2":{"name":"(anonymous_3)","decl":{"start":{"line":39,"column":21},"end":{"line":39,"column":22}},"loc":{"start":{"line":39,"column":84},"end":{"line":44,"column":1}}},"3":{"name":"(anonymous_4)","decl":{"start":{"line":46,"column":17},"end":{"line":46,"column":18}},"loc":{"start":{"line":46,"column":76},"end":{"line":51,"column":1}}},"4":{"name":"(anonymous_5)","decl":{"start":{"line":53,"column":24},"end":{"line":53,"column":25}},"loc":{"start":{"line":53,"column":100},"end":{"line":63,"column":1}}}},"branchMap":{"0":{"loc":{"start":{"line":15,"column":20},"end":{"line":15,"column":39}},"type":"default-arg","locations":[{"start":{"line":15,"column":30},"end":{"line":15,"column":39}}]},"1":{"loc":{"start":{"line":15,"column":41},"end":{"line":15,"column":67}},"type":"default-arg","locations":[{"start":{"line":15,"column":50},"end":{"line":15,"column":67}}]},"2":{"loc":{"start":{"line":16,"column":9},"end":{"line":24,"column":8}},"type":"cond-expr","locations":[{"start":{"line":17,"column":6},"end":{"line":20,"column":null}},{"start":{"line":21,"column":6},"end":{"line":24,"column":8}}]},"3":{"loc":{"start":{"line":27,"column":20},"end":{"line":27,"column":39}},"type":"default-arg","locations":[{"start":{"line":27,"column":30},"end":{"line":27,"column":39}}]},"4":{"loc":{"start":{"line":27,"column":41},"end":{"line":27,"column":72}},"type":"default-arg","locations":[{"start":{"line":27,"column":50},"end":{"line":27,"column":72}}]},"5":{"loc":{"start":{"line":28,"column":9},"end":{"line":36,"column":8}},"type":"cond-expr","locations":[{"start":{"line":29,"column":6},"end":{"line":32,"column":null}},{"start":{"line":33,"column":6},"end":{"line":36,"column":8}}]},"6":{"loc":{"start":{"line":39,"column":22},"end":{"line":39,"column":44}},"type":"default-arg","locations":[{"start":{"line":39,"column":32},"end":{"line":39,"column":44}}]},"7":{"loc":{"start":{"line":39,"column":46},"end":{"line":39,"column":80}},"type":"default-arg","locations":[{"start":{"line":39,"column":55},"end":{"line":39,"column":80}}]},"8":{"loc":{"start":{"line":46,"column":18},"end":{"line":46,"column":35}},"type":"default-arg","locations":[{"start":{"line":46,"column":28},"end":{"line":46,"column":35}}]},"9":{"loc":{"start":{"line":46,"column":37},"end":{"line":46,"column":72}},"type":"default-arg","locations":[{"start":{"line":46,"column":46},"end":{"line":46,"column":72}}]},"10":{"loc":{"start":{"line":53,"column":25},"end":{"line":53,"column":50}},"type":"default-arg","locations":[{"start":{"line":53,"column":35},"end":{"line":53,"column":50}}]},"11":{"loc":{"start":{"line":53,"column":52},"end":{"line":53,"column":96}},"type":"default-arg","locations":[{"start":{"line":53,"column":61},"end":{"line":53,"column":96}}]},"12":{"loc":{"start":{"line":54,"column":9},"end":{"line":62,"column":8}},"type":"cond-expr","locations":[{"start":{"line":55,"column":6},"end":{"line":58,"column":null}},{"start":{"line":59,"column":6},"end":{"line":62,"column":8}}]}},"s":{"0":1,"1":1,"2":1,"3":0,"4":1,"5":0,"6":1,"7":0,"8":1,"9":0,"10":1,"11":1,"12":1},"f":{"0":0,"1":0,"2":0,"3":0,"4":1},"b":{"0":[0],"1":[0],"2":[0,0],"3":[0],"4":[0],"5":[0,0],"6":[0],"7":[0],"8":[0],"9":[0],"10":[0],"11":[1],"12":[1,0]}}
,"/Users/halilcan/Desktop/others/chat-app/backend/src/shared/validate-middleware/index.ts": {"path":"/Users/halilcan/Desktop/others/chat-app/backend/src/shared/validate-middleware/index.ts","statementMap":{"0":{"start":{"line":4,"column":0},"end":{"line":4,"column":40}},"1":{"start":{"line":6,"column":0},"end":{"line":24,"column":4}},"2":{"start":{"line":7,"column":2},"end":{"line":24,"column":3}},"3":{"start":{"line":8,"column":21},"end":{"line":8,"column":69}},"4":{"start":{"line":10,"column":4},"end":{"line":19,"column":null}},"5":{"start":{"line":11,"column":30},"end":{"line":16,"column":8}},"6":{"start":{"line":12,"column":8},"end":{"line":15,"column":10}},"7":{"start":{"line":18,"column":6},"end":{"line":18,"column":51}},"8":{"start":{"line":21,"column":4},"end":{"line":21,"column":35}},"9":{"start":{"line":23,"column":4},"end":{"line":23,"column":11}}},"fnMap":{"0":{"name":"(anonymous_1)","decl":{"start":{"line":6,"column":15},"end":{"line":6,"column":16}},"loc":{"start":{"line":7,"column":2},"end":{"line":24,"column":3}}},"1":{"name":"(anonymous_2)","decl":{"start":{"line":7,"column":2},"end":{"line":7,"column":3}},"loc":{"start":{"line":7,"column":21},"end":{"line":24,"column":3}}},"2":{"name":"(anonymous_3)","decl":{"start":{"line":11,"column":58},"end":{"line":11,"column":63}},"loc":{"start":{"line":11,"column":66},"end":{"line":16,"column":7}}}},"branchMap":{"0":{"loc":{"start":{"line":10,"column":4},"end":{"line":19,"column":null}},"type":"if","locations":[{"start":{"line":10,"column":4},"end":{"line":19,"column":null}}]},"1":{"loc":{"start":{"line":11,"column":30},"end":{"line":16,"column":8}},"type":"cond-expr","locations":[{"start":{"line":11,"column":44},"end":{"line":11,"column":46}},{"start":{"line":11,"column":44},"end":{"line":16,"column":8}}]},"2":{"loc":{"start":{"line":11,"column":30},"end":{"line":11,"column":46}},"type":"binary-expr","locations":[{"start":{"line":11,"column":30},"end":{"line":11,"column":46}},{"start":{"line":11,"column":44},"end":{"line":11,"column":46}}]}},"s":{"0":1,"1":1,"2":6,"3":1,"4":1,"5":1,"6":3,"7":1,"8":1,"9":1},"f":{"0":6,"1":1,"2":3},"b":{"0":[1],"1":[0,1],"2":[1,1]}}
,"/Users/halilcan/Desktop/others/chat-app/backend/src/validations/friend/friend-store-validation.ts": {"path":"/Users/halilcan/Desktop/others/chat-app/backend/src/validations/friend/friend-store-validation.ts","statementMap":{"0":{"start":{"line":1,"column":0},"end":{"line":1,"column":22}},"1":{"start":{"line":3,"column":0},"end":{"line":3,"column":61}},"2":{"start":{"line":5,"column":15},"end":{"line":7,"column":2}},"3":{"start":{"line":9,"column":0},"end":{"line":9,"column":42}}},"fnMap":{},"branchMap":{},"s":{"0":1,"1":1,"2":1,"3":1},"f":{},"b":{}}
,"/Users/halilcan/Desktop/others/chat-app/backend/src/validations/message/message-read-store-validation.ts": {"path":"/Users/halilcan/Desktop/others/chat-app/backend/src/validations/message/message-read-store-validation.ts","statementMap":{"0":{"start":{"line":1,"column":0},"end":{"line":1,"column":22}},"1":{"start":{"line":3,"column":0},"end":{"line":3,"column":61}},"2":{"start":{"line":5,"column":15},"end":{"line":7,"column":2}},"3":{"start":{"line":9,"column":0},"end":{"line":9,"column":42}}},"fnMap":{},"branchMap":{},"s":{"0":1,"1":1,"2":1,"3":1},"f":{},"b":{}}
,"/Users/halilcan/Desktop/others/chat-app/backend/src/validations/message/message-store-validation.ts": {"path":"/Users/halilcan/Desktop/others/chat-app/backend/src/validations/message/message-store-validation.ts","statementMap":{"0":{"start":{"line":1,"column":0},"end":{"line":1,"column":22}},"1":{"start":{"line":3,"column":0},"end":{"line":3,"column":61}},"2":{"start":{"line":4,"column":0},"end":{"line":4,"column":48}},"3":{"start":{"line":6,"column":15},"end":{"line":16,"column":2}},"4":{"start":{"line":18,"column":0},"end":{"line":18,"column":42}}},"fnMap":{},"branchMap":{},"s":{"0":1,"1":1,"2":1,"3":1,"4":1},"f":{},"b":{}}
,"/Users/halilcan/Desktop/others/chat-app/backend/src/validations/user/user-login-validation.ts": {"path":"/Users/halilcan/Desktop/others/chat-app/backend/src/validations/user/user-login-validation.ts","statementMap":{"0":{"start":{"line":1,"column":0},"end":{"line":1,"column":22}},"1":{"start":{"line":3,"column":0},"end":{"line":3,"column":61}},"2":{"start":{"line":5,"column":15},"end":{"line":8,"column":2}},"3":{"start":{"line":10,"column":0},"end":{"line":10,"column":42}}},"fnMap":{},"branchMap":{},"s":{"0":1,"1":1,"2":1,"3":1},"f":{},"b":{}}
,"/Users/halilcan/Desktop/others/chat-app/backend/src/validations/user/user-register-validation.ts": {"path":"/Users/halilcan/Desktop/others/chat-app/backend/src/validations/user/user-register-validation.ts","statementMap":{"0":{"start":{"line":1,"column":0},"end":{"line":1,"column":22}},"1":{"start":{"line":3,"column":0},"end":{"line":3,"column":61}},"2":{"start":{"line":6,"column":15},"end":{"line":10,"column":2}},"3":{"start":{"line":12,"column":0},"end":{"line":12,"column":42}}},"fnMap":{},"branchMap":{},"s":{"0":1,"1":1,"2":1,"3":1},"f":{},"b":{}}
,"/Users/halilcan/Desktop/others/chat-app/backend/src/validations/user/user-settings-update-validation.ts": {"path":"/Users/halilcan/Desktop/others/chat-app/backend/src/validations/user/user-settings-update-validation.ts","statementMap":{"0":{"start":{"line":1,"column":0},"end":{"line":1,"column":22}},"1":{"start":{"line":3,"column":0},"end":{"line":3,"column":61}},"2":{"start":{"line":5,"column":15},"end":{"line":8,"column":2}},"3":{"start":{"line":10,"column":0},"end":{"line":10,"column":42}}},"fnMap":{},"branchMap":{},"s":{"0":1,"1":1,"2":1,"3":1},"f":{},"b":{}}
}
